Removed Pin From Net: NetName=IO15 Pin=JP1-4
Removed Pin From Net: NetName=IO16 Pin=JP1-5
Removed Pin From Net: NetName=IO17 Pin=JP1-6
Removed Pin From Net: NetName=IO18 Pin=JP1-7
Removed Pin From Net: NetName=IO10 Pin=X1-18
Removed Pin From Net: NetName=IO11 Pin=X1-19
Removed Pin From Net: NetName=BUTTON1 Pin=X1-34
Removed Pin From Net: NetName=BUTTON2 Pin=X1-35
Added Pin To Net: NetName=IO7 Pin=JP1-1
Added Pin To Net: NetName=IO15 Pin=JP1-2
Added Pin To Net: NetName=IO16 Pin=JP1-3
Added Pin To Net: NetName=IO17 Pin=JP1-4
Added Pin To Net: NetName=IO18 Pin=JP1-5
Added Pin To Net: NetName=IO8 Pin=JP1-6
Added Pin To Net: NetName=IO9 Pin=JP1-7
Added Pin To Net: NetName=BUTTON1 Pin=X1-18
Added Pin To Net: NetName=BUTTON2 Pin=X1-19
Added Pin To Net: NetName=IO38 Pin=X1-31
Added Net: Name=IO38
Added Pin To Net: NetName=IO39 Pin=X1-32
Added Net: Name=IO39
Added Pin To Net: NetName=IO40 Pin=X1-33
Added Net: Name=IO40
Added Pin To Net: NetName=IO41 Pin=X1-34
Added Net: Name=IO41
Added Pin To Net: NetName=IO42 Pin=X1-35
Added Net: Name=IO42
