Removed Pin From Net: NetName=B- Pin=GY1-
Removed Pin From Net: NetName=B- Pin=GY1-
Removed Pin From Net: NetName=VIN Pin=J1-1
Removed Pin From Net: NetName=USB_D- Pin=J1-2
Removed Pin From Net: NetName=USB_D+ Pin=J1-3
Removed Pin From Net: NetName=B- Pin=J1-5
Removed Member From Class: ClassName=schematic Member=J1
Added Component: Designator=1(MOLEX_47346-0001)
Add component (AddParameter): Name = "Check_prices"; Value = "https://www.snapeda.com/parts/47346-0001/Molex/view-part/?ref=eda"; VariantName = "[No Variations]"
Add component (AddParameter): Name = "MF"; Value = "Molex"; VariantName = "[No Variations]"
Add component (AddParameter): Name = "MP"; Value = "47346-0001"; VariantName = "[No Variations]"
Add component (AddParameter): Name = "Package"; Value = "None"; VariantName = "[No Variations]"
Add component (AddParameter): Name = "SnapEDA_Link"; Value = "https://www.snapeda.com/parts/47346-0001/Molex/view-part/?ref=snap"; VariantName = "[No Variations]"
Add component (AddParameter): Name = "Value"; Value = ""; VariantName = "[No Variations]"
Added Pin To Net: NetName=VIN Pin=1-1
Added Pin To Net: NetName=USB_D- Pin=1-2
Added Pin To Net: NetName=USB_D+ Pin=1-3
Added Pin To Net: NetName=B- Pin=1-5
Added Pin To Net: NetName=Net1_S1 Pin=1-S1
Added Pin To Net: NetName=Net1_S1 Pin=C4-1
Added Net: Name=Net1_S1
Added Pin To Net: NetName=Net1_S2 Pin=1-S2
Added Pin To Net: NetName=Net1_S2 Pin=C5-1
Added Net: Name=Net1_S2
Added Pin To Net: NetName=Net1_S3 Pin=1-S3
Added Pin To Net: NetName=Net1_S3 Pin=C6-1
Added Net: Name=Net1_S3
Added Pin To Net: NetName=Net1_S4 Pin=1-S4
Added Pin To Net: NetName=Net1_S4 Pin=C7-1
Added Net: Name=Net1_S4
Added Pin To Net: NetName=Net1_S5 Pin=1-S5
Added Pin To Net: NetName=Net1_S5 Pin=C8-1
Added Net: Name=Net1_S5
Added Pin To Net: NetName=Net1_S6 Pin=1-S6
Added Pin To Net: NetName=Net1_S6 Pin=C9-1
Added Net: Name=Net1_S6
